#
# There is insufficient memory for the Java Runtime Environment to continue.
# Native memory allocation (malloc) failed to allocate 710976 bytes for Chunk::new
# Possible reasons:
#   The system is out of physical RAM or swap space
#   The process is running with CompressedOops enabled, and the Java Heap may be blocking the growth of the native heap
# Possible solutions:
#   Reduce memory load on the system
#   Increase physical memory or swap space
#   Check if swap backing store is full
#   Decrease Java heap size (-Xmx/-Xms)
#   Decrease number of Java threads
#   Decrease Java thread stack sizes (-Xss)
#   Set larger code cache with -XX:ReservedCodeCacheSize=
#   JVM is running with Unscaled Compressed Oops mode in which the Java heap is
#     placed in the first 4GB address space. The Java Heap base address is the
#     maximum limit for the native heap growth. Please use -XX:HeapBaseMinAddress
#     to set the Java Heap base and to place the Java Heap above 4GB virtual address.
# This output file may be truncated or incomplete.
#
#  Out of Memory Error (./src/hotspot/share/memory/arena.cpp:197), pid=11288, tid=8720
#
# JRE version: OpenJDK Runtime Environment (11.0.10) (build 11.0.10+0-b96-7249189)
# Java VM: OpenJDK 64-Bit Server VM (11.0.10+0-b96-7249189, mixed mode, tiered, compressed oops, g1 gc, windows-amd64)
# No core dump will be written. Minidumps are not enabled by default on client versions of Windows
#

---------------  S U M M A R Y ------------

Command Line: --add-opens=java.base/java.util=ALL-UNNAMED --add-opens=java.base/java.lang=ALL-UNNAMED --add-opens=java.base/java.lang.invoke=ALL-UNNAMED --add-opens=java.base/java.util=ALL-UNNAMED --add-opens=java.prefs/java.util.prefs=ALL-UNNAMED --add-opens=java.prefs/java.util.prefs=ALL-UNNAMED --add-opens=java.base/java.nio.charset=ALL-UNNAMED --add-opens=java.base/java.net=ALL-UNNAMED --add-opens=java.base/java.util.concurrent.atomic=ALL-UNNAMED -Xmx2048m -Dfile.encoding=UTF-8 -Duser.country=US -Duser.language=en -Duser.variant org.gradle.launcher.daemon.bootstrap.GradleDaemon 7.0.2

Host: Intel(R) Pentium(R) CPU G3220 @ 3.00GHz, 2 cores, 3G,  Windows 10 , 64 bit Build 19041 (10.0.19041.1320)
Time: Thu Nov 18 22:28:49 2021 India Standard Time elapsed time: 79.527633 seconds (0d 0h 1m 19s)

---------------  T H R E A D  ---------------

Current thread (0x000002e8eb582800):  JavaThread "C2 CompilerThread0" daemon [_thread_in_native, id=8720, stack(0x000000fed4700000,0x000000fed4800000)]


Current CompileTask:
C2:  79527 5218       4       org.objectweb.asm.Frame::execute (2318 bytes)

Stack: [0x000000fed4700000,0x000000fed4800000]
Native frames: (J=compiled Java code, j=interpreted, Vv=VM code, C=native code)
V  [jvm.dll+0x5ecfaa]
V  [jvm.dll+0x722bd5]
V  [jvm.dll+0x72412d]
V  [jvm.dll+0x7247e3]
V  [jvm.dll+0x242928]
V  [jvm.dll+0xbc4fc]
V  [jvm.dll+0xbca0c]
V  [jvm.dll+0x2b4fd4]
V  [jvm.dll+0x506028]
V  [jvm.dll+0x1fcbde]
V  [jvm.dll+0x1fa77f]
V  [jvm.dll+0x18354c]
V  [jvm.dll+0x208ee7]
V  [jvm.dll+0x207731]
V  [jvm.dll+0x6eb1cf]
V  [jvm.dll+0x6e3d45]
V  [jvm.dll+0x5ebe96]
C  [ucrtbase.dll+0x21bb2]
C  [KERNEL32.DLL+0x17034]
C  [ntdll.dll+0x52651]


---------------  P R O C E S S  ---------------

Threads class SMR info:
_java_thread_list=0x000002e8ee4c63b0, length=36, elements={
0x000002e8d169d000, 0x000002e8eb51d000, 0x000002e8eb527800, 0x000002e8eb57c800,
0x000002e8eb57f000, 0x000002e8eb580800, 0x000002e8eb582800, 0x000002e8eb584800,
0x000002e8eb58e000, 0x000002e8ebfdf800, 0x000002e8ed787800, 0x000002e8eca65000,
0x000002e8eca66000, 0x000002e8ed4af000, 0x000002e8ed983000, 0x000002e8ee54b800,
0x000002e8ed4b0000, 0x000002e8eec4e000, 0x000002e8edcec000, 0x000002e8edcea000,
0x000002e8edce8000, 0x000002e8edcec800, 0x000002e8edced800, 0x000002e8edceb000,
0x000002e8edcee800, 0x000002e8edce8800, 0x000002e8edd4c800, 0x000002e8edd4d000,
0x000002e8edd4e000, 0x000002e8edd49000, 0x000002e8edd4f800, 0x000002e8edd4a000,
0x000002e8edd4a800, 0x000002e8edd51000, 0x000002e8edd4b800, 0x000002e8edd53000
}

Java Threads: ( => current thread )
  0x000002e8d169d000 JavaThread "main" [_thread_blocked, id=9696, stack(0x000000fed3b00000,0x000000fed3c00000)]
  0x000002e8eb51d000 JavaThread "Reference Handler" daemon [_thread_blocked, id=9088, stack(0x000000fed4200000,0x000000fed4300000)]
  0x000002e8eb527800 JavaThread "Finalizer" daemon [_thread_blocked, id=9608, stack(0x000000fed4300000,0x000000fed4400000)]
  0x000002e8eb57c800 JavaThread "Signal Dispatcher" daemon [_thread_blocked, id=12060, stack(0x000000fed4400000,0x000000fed4500000)]
  0x000002e8eb57f000 JavaThread "Attach Listener" daemon [_thread_blocked, id=2760, stack(0x000000fed4500000,0x000000fed4600000)]
  0x000002e8eb580800 JavaThread "Service Thread" daemon [_thread_blocked, id=5268, stack(0x000000fed4600000,0x000000fed4700000)]
=>0x000002e8eb582800 JavaThread "C2 CompilerThread0" daemon [_thread_in_native, id=8720, stack(0x000000fed4700000,0x000000fed4800000)]
  0x000002e8eb584800 JavaThread "C1 CompilerThread0" daemon [_thread_blocked, id=872, stack(0x000000fed4800000,0x000000fed4900000)]
  0x000002e8eb58e000 JavaThread "Sweeper thread" daemon [_thread_blocked, id=10236, stack(0x000000fed4900000,0x000000fed4a00000)]
  0x000002e8ebfdf800 JavaThread "Common-Cleaner" daemon [_thread_blocked, id=8424, stack(0x000000fed4a00000,0x000000fed4b00000)]
  0x000002e8ed787800 JavaThread "Daemon health stats" [_thread_blocked, id=5784, stack(0x000000fed4d00000,0x000000fed4e00000)]
  0x000002e8eca65000 JavaThread "Incoming local TCP Connector on port 53680" [_thread_in_native, id=6992, stack(0x000000fed4e00000,0x000000fed4f00000)]
  0x000002e8eca66000 JavaThread "Daemon periodic checks" [_thread_blocked, id=9972, stack(0x000000fed4f00000,0x000000fed5000000)]
  0x000002e8ed4af000 JavaThread "Daemon" [_thread_blocked, id=3816, stack(0x000000fed5000000,0x000000fed5100000)]
  0x000002e8ed983000 JavaThread "Handler for socket connection from /127.0.0.1:53680 to /127.0.0.1:53681" [_thread_in_native, id=5872, stack(0x000000fed5100000,0x000000fed5200000)]
  0x000002e8ee54b800 JavaThread "Cancel handler" [_thread_blocked, id=6612, stack(0x000000fed5200000,0x000000fed5300000)]
  0x000002e8ed4b0000 JavaThread "Daemon worker" [_thread_in_native, id=9232, stack(0x000000fed5300000,0x000000fed5400000)]
  0x000002e8eec4e000 JavaThread "Asynchronous log dispatcher for DefaultDaemonConnection: socket connection from /127.0.0.1:53680 to /127.0.0.1:53681" [_thread_blocked, id=2208, stack(0x000000fed5400000,0x000000fed5500000)]
  0x000002e8edcec000 JavaThread "Daemon client event forwarder" [_thread_blocked, id=608, stack(0x000000fed5600000,0x000000fed5700000)]
  0x000002e8edcea000 JavaThread "Cache worker for file hash cache (C:\Users\welcome\.gradle\caches\7.0.2\fileHashes)" [_thread_blocked, id=11708, stack(0x000000fed5700000,0x000000fed5800000)]
  0x000002e8edce8000 JavaThread "File lock request listener" [_thread_in_native, id=4612, stack(0x000000fed5800000,0x000000fed5900000)]
  0x000002e8edcec800 JavaThread "Cache worker for journal cache (C:\Users\welcome\.gradle\caches\journal-1)" [_thread_blocked, id=9564, stack(0x000000fed5900000,0x000000fed5a00000)]
  0x000002e8edced800 JavaThread "Cache worker for file hash cache (C:\Users\welcome\Desktop\Android\WomenSafety\.gradle\7.0.2\fileHashes)" [_thread_blocked, id=10516, stack(0x000000fed5a00000,0x000000fed5b00000)]
  0x000002e8edceb000 JavaThread "File watcher server" daemon [_thread_in_native, id=8360, stack(0x000000fed5b00000,0x000000fed5c00000)]
  0x000002e8edcee800 JavaThread "File watcher consumer" daemon [_thread_blocked, id=2904, stack(0x000000fed5c00000,0x000000fed5d00000)]
  0x000002e8edce8800 JavaThread "Cache worker for checksums cache (C:\Users\welcome\Desktop\Android\WomenSafety\.gradle\checksums)" [_thread_blocked, id=11188, stack(0x000000fed5d00000,0x000000fed5e00000)]
  0x000002e8edd4c800 JavaThread "Cache worker for cache directory md-supplier (C:\Users\welcome\.gradle\caches\7.0.2\md-supplier)" [_thread_blocked, id=4716, stack(0x000000fed5e00000,0x000000fed5f00000)]
  0x000002e8edd4d000 JavaThread "Cache worker for cache directory md-rule (C:\Users\welcome\.gradle\caches\7.0.2\md-rule)" [_thread_blocked, id=1976, stack(0x000000fed5f00000,0x000000fed6000000)]
  0x000002e8edd4e000 JavaThread "Cache worker for execution history cache (C:\Users\welcome\.gradle\caches\7.0.2\executionHistory)" [_thread_blocked, id=10316, stack(0x000000fed6000000,0x000000fed6100000)]
  0x000002e8edd49000 JavaThread "jar transforms" [_thread_blocked, id=11488, stack(0x000000fed6100000,0x000000fed6200000)]
  0x000002e8edd4f800 JavaThread "jar transforms Thread 2" [_thread_blocked, id=1108, stack(0x000000fed6200000,0x000000fed6300000)]
  0x000002e8edd4a000 JavaThread "Cache worker for file content cache (C:\Users\welcome\.gradle\caches\7.0.2\fileContent)" [_thread_blocked, id=4872, stack(0x000000fed6300000,0x000000fed6400000)]
  0x000002e8edd4a800 JavaThread "Cache worker for dependencies-accessors (C:\Users\welcome\Desktop\Android\WomenSafety\.gradle\7.0.2\dependencies-accessors)" [_thread_blocked, id=10280, stack(0x000000fed6400000,0x000000fed6500000)]
  0x000002e8edd51000 JavaThread "Cache worker for Build Output Cleanup Cache (C:\Users\welcome\Desktop\Android\WomenSafety\.gradle\buildOutputCleanup)" [_thread_blocked, id=11940, stack(0x000000fed6700000,0x000000fed6800000)]
  0x000002e8edd4b800 JavaThread "Build operations" [_thread_blocked, id=3344, stack(0x000000fed6800000,0x000000fed6900000)]
  0x000002e8edd53000 JavaThread "Build operations Thread 2" [_thread_blocked, id=10632, stack(0x000000fed6900000,0x000000fed6a00000)]

Other Threads:
  0x000002e8eb519000 VMThread "VM Thread" [stack: 0x000000fed4100000,0x000000fed4200000] [id=10308]
  0x000002e8ec00d000 WatcherThread [stack: 0x000000fed4b00000,0x000000fed4c00000] [id=3564]
  0x000002e8d16b3800 GCTaskThread "GC Thread#0" [stack: 0x000000fed3c00000,0x000000fed3d00000] [id=5512]
  0x000002e8ec27c800 GCTaskThread "GC Thread#1" [stack: 0x000000fed4c00000,0x000000fed4d00000] [id=1520]
  0x000002e8d16e8000 ConcurrentGCThread "G1 Main Marker" [stack: 0x000000fed3d00000,0x000000fed3e00000] [id=9496]
  0x000002e8d16e9000 ConcurrentGCThread "G1 Conc#0" [stack: 0x000000fed3e00000,0x000000fed3f00000] [id=9528]
  0x000002e8d1737800 ConcurrentGCThread "G1 Refine#0" [stack: 0x000000fed3f00000,0x000000fed4000000] [id=3388]
  0x000002e8d1738800 ConcurrentGCThread "G1 Young RemSet Sampling" [stack: 0x000000fed4000000,0x000000fed4100000] [id=8432]

Threads with active compile tasks:
C2 CompilerThread0  80516 5218       4       org.objectweb.asm.Frame::execute (2318 bytes)

VM state:not at safepoint (normal execution)

VM Mutex/Monitor currently owned by a thread: None

Heap address: 0x0000000080000000, size: 2048 MB, Compressed Oops mode: 32-bit
Narrow klass base: 0x0000000000000000, Narrow klass shift: 3
Compressed class space size: 1073741824 Address: 0x0000000100000000

Heap:
 garbage-first heap   total 63488K, used 42192K [0x0000000080000000, 0x0000000100000000)
  region size 1024K, 2 young (2048K), 1 survivors (1024K)
 Metaspace       used 50272K, capacity 51625K, committed 51836K, reserved 1093632K
  class space    used 6397K, capacity 6856K, committed 6912K, reserved 1048576K
Heap Regions: E=young(eden), S=young(survivor), O=old, HS=humongous(starts), HC=humongous(continues), CS=collection set, F=free, A=archive, TAMS=top-at-mark-start (previous, next)
|   0|0x0000000080000000, 0x0000000080100000, 0x0000000080100000|100%| O|  |TAMS 0x0000000080100000, 0x0000000080000000| Untracked 
|   1|0x0000000080100000, 0x0000000080200000, 0x0000000080200000|100%| O|  |TAMS 0x0000000080200000, 0x0000000080100000| Untracked 
|   2|0x0000000080200000, 0x0000000080300000, 0x0000000080300000|100%| O|  |TAMS 0x0000000080300000, 0x0000000080200000| Untracked 
|   3|0x0000000080300000, 0x0000000080400000, 0x0000000080400000|100%| O|  |TAMS 0x0000000080400000, 0x0000000080300000| Untracked 
|   4|0x0000000080400000, 0x0000000080500000, 0x0000000080500000|100%|HS|  |TAMS 0x0000000080500000, 0x0000000080400000| Complete 
|   5|0x0000000080500000, 0x0000000080600000, 0x0000000080600000|100%|HC|  |TAMS 0x0000000080600000, 0x0000000080500000| Complete 
|   6|0x0000000080600000, 0x0000000080700000, 0x0000000080700000|100%|HC|  |TAMS 0x0000000080700000, 0x0000000080600000| Complete 
|   7|0x0000000080700000, 0x0000000080800000, 0x0000000080800000|100%| O|  |TAMS 0x0000000080800000, 0x0000000080700000| Untracked 
|   8|0x0000000080800000, 0x0000000080900000, 0x0000000080900000|100%| O|  |TAMS 0x0000000080900000, 0x0000000080800000| Untracked 
|   9|0x0000000080900000, 0x0000000080a00000, 0x0000000080a00000|100%| O|  |TAMS 0x0000000080a00000, 0x0000000080900000| Untracked 
|  10|0x0000000080a00000, 0x0000000080b00000, 0x0000000080b00000|100%| O|  |TAMS 0x0000000080b00000, 0x0000000080a00000| Untracked 
|  11|0x0000000080b00000, 0x0000000080c00000, 0x0000000080c00000|100%| O|  |TAMS 0x0000000080c00000, 0x0000000080b00000| Untracked 
|  12|0x0000000080c00000, 0x0000000080d00000, 0x0000000080d00000|100%| O|  |TAMS 0x0000000080d00000, 0x0000000080c00000| Untracked 
|  13|0x0000000080d00000, 0x0000000080e00000, 0x0000000080e00000|100%| O|  |TAMS 0x0000000080e00000, 0x0000000080d00000| Untracked 
|  14|0x0000000080e00000, 0x0000000080f00000, 0x0000000080f00000|100%| O|  |TAMS 0x0000000080f00000, 0x0000000080e00000| Untracked 
|  15|0x0000000080f00000, 0x0000000081000000, 0x0000000081000000|100%| O|  |TAMS 0x0000000081000000, 0x0000000080f00000| Untracked 
|  16|0x0000000081000000, 0x0000000081100000, 0x0000000081100000|100%| O|  |TAMS 0x0000000081100000, 0x0000000081000000| Untracked 
|  17|0x0000000081100000, 0x0000000081200000, 0x0000000081200000|100%| O|  |TAMS 0x0000000081200000, 0x0000000081100000| Untracked 
|  18|0x0000000081200000, 0x0000000081300000, 0x0000000081300000|100%| O|  |TAMS 0x0000000081300000, 0x0000000081200000| Untracked 
|  19|0x0000000081300000, 0x0000000081400000, 0x0000000081400000|100%| O|  |TAMS 0x0000000081400000, 0x0000000081300000| Untracked 
|  20|0x0000000081400000, 0x0000000081500000, 0x0000000081500000|100%| O|  |TAMS 0x0000000081500000, 0x0000000081400000| Untracked 
|  21|0x0000000081500000, 0x0000000081600000, 0x0000000081600000|100%| O|  |TAMS 0x0000000081600000, 0x0000000081500000| Untracked 
|  22|0x0000000081600000, 0x0000000081700000, 0x0000000081700000|100%| O|  |TAMS 0x0000000081700000, 0x0000000081600000| Untracked 
|  23|0x0000000081700000, 0x0000000081800000, 0x0000000081800000|100%| O|  |TAMS 0x0000000081800000, 0x0000000081700000| Untracked 
|  24|0x0000000081800000, 0x0000000081900000, 0x0000000081900000|100%| O|  |TAMS 0x0000000081900000, 0x0000000081800000| Untracked 
|  25|0x0000000081900000, 0x0000000081a00000, 0x0000000081a00000|100%| O|  |TAMS 0x0000000081a00000, 0x0000000081900000| Untracked 
|  26|0x0000000081a00000, 0x0000000081b00000, 0x0000000081b00000|100%| O|  |TAMS 0x0000000081b00000, 0x0000000081a00000| Untracked 
|  27|0x0000000081b00000, 0x0000000081c00000, 0x0000000081c00000|100%| O|  |TAMS 0x0000000081c00000, 0x0000000081b00000| Untracked 
|  28|0x0000000081c00000, 0x0000000081d00000, 0x0000000081d00000|100%| O|  |TAMS 0x0000000081d00000, 0x0000000081c00000| Untracked 
|  29|0x0000000081d00000, 0x0000000081e00000, 0x0000000081e00000|100%| O|  |TAMS 0x0000000081e00000, 0x0000000081d00000| Untracked 
|  30|0x0000000081e00000, 0x0000000081f00000, 0x0000000081f00000|100%|HS|  |TAMS 0x0000000081f00000, 0x0000000081e00000| Complete 
|  31|0x0000000081f00000, 0x0000000082000000, 0x0000000082000000|100%| O|  |TAMS 0x0000000082000000, 0x0000000081f00000| Untracked 
|  32|0x0000000082000000, 0x0000000082100000, 0x0000000082100000|100%|HS|  |TAMS 0x0000000082100000, 0x0000000082000000| Complete 
|  33|0x0000000082100000, 0x0000000082200000, 0x0000000082200000|100%| O|  |TAMS 0x0000000082200000, 0x0000000082100000| Untracked 
|  34|0x0000000082200000, 0x0000000082300000, 0x0000000082300000|100%| O|  |TAMS 0x0000000082300000, 0x0000000082200000| Untracked 
|  35|0x0000000082300000, 0x0000000082400000, 0x0000000082400000|100%|HS|  |TAMS 0x0000000082400000, 0x0000000082300000| Complete 
|  36|0x0000000082400000, 0x0000000082500000, 0x0000000082500000|100%|HC|  |TAMS 0x0000000082500000, 0x0000000082400000| Complete 
|  37|0x0000000082500000, 0x0000000082600000, 0x0000000082600000|100%| O|  |TAMS 0x0000000082600000, 0x0000000082500000| Untracked 
|  38|0x0000000082600000, 0x0000000082700000, 0x0000000082700000|100%| O|  |TAMS 0x0000000082700000, 0x0000000082600000| Untracked 
|  39|0x0000000082700000, 0x0000000082800000, 0x0000000082800000|100%| O|  |TAMS 0x0000000082800000, 0x0000000082700000| Untracked 
|  40|0x0000000082800000, 0x00000000828b3600, 0x0000000082900000| 70%| O|  |TAMS 0x00000000828b3600, 0x0000000082800000| Untracked 
|  41|0x0000000082900000, 0x0000000082900000, 0x0000000082a00000|  0%| F|  |TAMS 0x0000000082900000, 0x0000000082900000| Untracked 
|  42|0x0000000082a00000, 0x0000000082a00000, 0x0000000082b00000|  0%| F|  |TAMS 0x0000000082a00000, 0x0000000082a00000| Untracked 
|  43|0x0000000082b00000, 0x0000000082b00000, 0x0000000082c00000|  0%| F|  |TAMS 0x0000000082b00000, 0x0000000082b00000| Untracked 
|  44|0x0000000082c00000, 0x0000000082c00000, 0x0000000082d00000|  0%| F|  |TAMS 0x0000000082c00000, 0x0000000082c00000| Untracked 
|  45|0x0000000082d00000, 0x0000000082d00000, 0x0000000082e00000|  0%| F|  |TAMS 0x0000000082d00000, 0x0000000082d00000| Untracked 
|  46|0x0000000082e00000, 0x0000000082e00000, 0x0000000082f00000|  0%| F|  |TAMS 0x0000000082e00000, 0x0000000082e00000| Untracked 
|  47|0x0000000082f00000, 0x0000000082f00000, 0x0000000083000000|  0%| F|  |TAMS 0x0000000082f00000, 0x0000000082f00000| Untracked 
|  48|0x0000000083000000, 0x0000000083000000, 0x0000000083100000|  0%| F|  |TAMS 0x0000000083000000, 0x0000000083000000| Untracked 
|  49|0x0000000083100000, 0x0000000083100000, 0x0000000083200000|  0%| F|  |TAMS 0x0000000083100000, 0x0000000083100000| Untracked 
|  50|0x0000000083200000, 0x0000000083200000, 0x0000000083300000|  0%| F|  |TAMS 0x0000000083200000, 0x0000000083200000| Untracked 
|  51|0x0000000083300000, 0x0000000083300000, 0x0000000083400000|  0%| F|  |TAMS 0x0000000083300000, 0x0000000083300000| Untracked 
|  52|0x0000000083400000, 0x0000000083400000, 0x0000000083500000|  0%| F|  |TAMS 0x0000000083400000, 0x0000000083400000| Untracked 
|  53|0x0000000083500000, 0x0000000083500000, 0x0000000083600000|  0%| F|  |TAMS 0x0000000083500000, 0x0000000083500000| Untracked 
|  54|0x0000000083600000, 0x0000000083680c70, 0x0000000083700000| 50%| S|CS|TAMS 0x0000000083600000, 0x0000000083600000| Complete 
|  55|0x0000000083700000, 0x0000000083700000, 0x0000000083800000|  0%| F|  |TAMS 0x0000000083700000, 0x0000000083700000| Untracked 
|  56|0x0000000083800000, 0x0000000083800000, 0x0000000083900000|  0%| F|  |TAMS 0x0000000083800000, 0x0000000083800000| Untracked 
|  57|0x0000000083900000, 0x0000000083900000, 0x0000000083a00000|  0%| F|  |TAMS 0x0000000083900000, 0x0000000083900000| Untracked 
|  58|0x0000000083a00000, 0x0000000083a00000, 0x0000000083b00000|  0%| F|  |TAMS 0x0000000083a00000, 0x0000000083a00000| Untracked 
|  59|0x0000000083b00000, 0x0000000083b00000, 0x0000000083c00000|  0%| F|  |TAMS 0x0000000083b00000, 0x0000000083b00000| Untracked 
|  60|0x0000000083c00000, 0x0000000083c00000, 0x0000000083d00000|  0%| F|  |TAMS 0x0000000083c00000, 0x0000000083c00000| Untracked 
|  61|0x0000000083d00000, 0x0000000083d50370, 0x0000000083e00000| 31%| E|  |TAMS 0x0000000083d00000, 0x0000000083d00000| Complete 

Card table byte_map: [0x000002e8e4990000,0x000002e8e4d90000] _byte_map_base: 0x000002e8e4590000

Marking Bits (Prev, Next): (CMBitMap*) 0x000002e8d16deff8, (CMBitMap*) 0x000002e8d16df030
 Prev Bits: [0x000002e8e5190000, 0x000002e8e7190000)
 Next Bits: [0x000002e8e7190000, 0x000002e8e9190000)

Polling page: 0x000002e8cfe40000

Metaspace:

Usage:
  Non-class:     43.72 MB capacity,    42.85 MB ( 98%) used,   765.95 KB (  2%) free+waste,   128.63 KB ( <1%) overhead. 
      Class:      6.70 MB capacity,     6.25 MB ( 93%) used,   397.41 KB (  6%) free+waste,    60.94 KB ( <1%) overhead. 
       Both:     50.42 MB capacity,    49.09 MB ( 97%) used,     1.14 MB (  2%) free+waste,   189.56 KB ( <1%) overhead. 

Virtual space:
  Non-class space:       44.00 MB reserved,      43.87 MB (>99%) committed 
      Class space:        1.00 GB reserved,       6.75 MB ( <1%) committed 
             Both:        1.04 GB reserved,      50.62 MB (  5%) committed 

Chunk freelists:
   Non-Class:  27.00 KB
       Class:  24.00 KB
        Both:  51.00 KB

MaxMetaspaceSize: 17179869184.00 GB
CompressedClassSpaceSize: 1.00 GB

CodeHeap 'non-profiled nmethods': size=120064Kb used=2817Kb max_used=2817Kb free=117246Kb
 bounds [0x000002e8dcc50000, 0x000002e8dcf20000, 0x000002e8e4190000]
CodeHeap 'profiled nmethods': size=120000Kb used=10997Kb max_used=10997Kb free=109003Kb
 bounds [0x000002e8d5720000, 0x000002e8d61e0000, 0x000002e8dcc50000]
CodeHeap 'non-nmethods': size=5696Kb used=2210Kb max_used=2248Kb free=3486Kb
 bounds [0x000002e8d5190000, 0x000002e8d5400000, 0x000002e8d5720000]
 total_blobs=6036 nmethods=5245 adapters=703
 compilation: enabled
              stopped_count=0, restarted_count=0
 full_count=0

Compilation events (20 events):
Event: 78.944 Thread 0x000002e8eb582800 nmethod 5204 0x000002e8dcf0d010 code [0x000002e8dcf0d240, 0x000002e8dcf0dc90]
Event: 78.944 Thread 0x000002e8eb582800 5205       4       jdk.internal.loader.URLClassPath$JarLoader$2::getContentLength (9 bytes)
Event: 78.945 Thread 0x000002e8eb582800 nmethod 5205 0x000002e8dcf0e290 code [0x000002e8dcf0e420, 0x000002e8dcf0e498]
Event: 79.064 Thread 0x000002e8eb584800 5209       3       java.util.Arrays::fill (23 bytes)
Event: 79.064 Thread 0x000002e8eb584800 nmethod 5209 0x000002e8d61c7290 code [0x000002e8d61c7440, 0x000002e8d61c75d8]
Event: 79.086 Thread 0x000002e8eb584800 5210       3       org.gradle.internal.instantiation.generator.AbstractClassGenerator$ClassGenerationHandler::hasFields (1 bytes)
Event: 79.086 Thread 0x000002e8eb584800 nmethod 5210 0x000002e8d61c7710 code [0x000002e8d61c78c0, 0x000002e8d61c79b8]
Event: 79.087 Thread 0x000002e8eb582800 5211       4       org.objectweb.asm.MethodWriter::visitVarInsn (302 bytes)
Event: 79.091 Thread 0x000002e8eb582800 nmethod 5211 0x000002e8dcf0e590 code [0x000002e8dcf0e760, 0x000002e8dcf0ec68]
Event: 79.157 Thread 0x000002e8eb582800 5212       4       sun.security.provider.SHA2::lf_sigma0 (20 bytes)
Event: 79.158 Thread 0x000002e8eb582800 nmethod 5212 0x000002e8dcf0f090 code [0x000002e8dcf0f220, 0x000002e8dcf0f278]
Event: 79.165 Thread 0x000002e8eb584800 5217       3       com.google.common.collect.LinkedHashMultimap$ValueEntry::<init> (18 bytes)
Event: 79.165 Thread 0x000002e8eb584800 nmethod 5217 0x000002e8d61c7a90 code [0x000002e8d61c7c60, 0x000002e8d61c7f98]
Event: 79.166 Thread 0x000002e8eb582800 5218       4       org.objectweb.asm.Frame::execute (2318 bytes)
Event: 79.174 Thread 0x000002e8eb584800 5219       3       java.util.TreeMap$Values::iterator (19 bytes)
Event: 79.175 Thread 0x000002e8eb584800 nmethod 5219 0x000002e8d61c8090 code [0x000002e8d61c8280, 0x000002e8d61c8798]
Event: 79.180 Thread 0x000002e8eb584800 5220       3       org.objectweb.asm.SymbolTable::addConstantUtf8 (98 bytes)
Event: 79.181 Thread 0x000002e8eb584800 nmethod 5220 0x000002e8d61c8990 code [0x000002e8d61c8be0, 0x000002e8d61c9258]
Event: 79.183 Thread 0x000002e8eb584800 5222       3       org.gradle.internal.classloader.FilteringClassLoader::classAllowed (80 bytes)
Event: 79.184 Thread 0x000002e8eb584800 nmethod 5222 0x000002e8d61c9610 code [0x000002e8d61c9880, 0x000002e8d61ca1b8]

GC Heap History (20 events):
Event: 32.878 GC heap before
{Heap before GC invocations=14 (full 0):
 garbage-first heap   total 63488K, used 50003K [0x0000000080000000, 0x0000000100000000)
  region size 1024K, 26 young (26624K), 4 survivors (4096K)
 Metaspace       used 43012K, capacity 44056K, committed 44156K, reserved 1087488K
  class space    used 5474K, capacity 5823K, committed 5888K, reserved 1048576K
}
Event: 32.885 GC heap after
{Heap after GC invocations=15 (full 0):
 garbage-first heap   total 63488K, used 28230K [0x0000000080000000, 0x0000000100000000)
  region size 1024K, 2 young (2048K), 2 survivors (2048K)
 Metaspace       used 43012K, capacity 44056K, committed 44156K, reserved 1087488K
  class space    used 5474K, capacity 5823K, committed 5888K, reserved 1048576K
}
Event: 34.912 GC heap before
{Heap before GC invocations=15 (full 0):
 garbage-first heap   total 63488K, used 50758K [0x0000000080000000, 0x0000000100000000)
  region size 1024K, 24 young (24576K), 2 survivors (2048K)
 Metaspace       used 44635K, capacity 45701K, committed 45948K, reserved 1089536K
  class space    used 5717K, capacity 6115K, committed 6144K, reserved 1048576K
}
Event: 34.919 GC heap after
{Heap after GC invocations=16 (full 0):
 garbage-first heap   total 63488K, used 29023K [0x0000000080000000, 0x0000000100000000)
  region size 1024K, 2 young (2048K), 2 survivors (2048K)
 Metaspace       used 44635K, capacity 45701K, committed 45948K, reserved 1089536K
  class space    used 5717K, capacity 6115K, committed 6144K, reserved 1048576K
}
Event: 44.487 GC heap before
{Heap before GC invocations=16 (full 0):
 garbage-first heap   total 63488K, used 50527K [0x0000000080000000, 0x0000000100000000)
  region size 1024K, 23 young (23552K), 2 survivors (2048K)
 Metaspace       used 46172K, capacity 47418K, committed 47484K, reserved 1091584K
  class space    used 5903K, capacity 6345K, committed 6400K, reserved 1048576K
}
Event: 44.494 GC heap after
{Heap after GC invocations=17 (full 0):
 garbage-first heap   total 63488K, used 30676K [0x0000000080000000, 0x0000000100000000)
  region size 1024K, 3 young (3072K), 3 survivors (3072K)
 Metaspace       used 46172K, capacity 47418K, committed 47484K, reserved 1091584K
  class space    used 5903K, capacity 6345K, committed 6400K, reserved 1048576K
}
Event: 62.576 GC heap before
{Heap before GC invocations=17 (full 0):
 garbage-first heap   total 63488K, used 50132K [0x0000000080000000, 0x0000000100000000)
  region size 1024K, 23 young (23552K), 3 survivors (3072K)
 Metaspace       used 47140K, capacity 48364K, committed 48636K, reserved 1091584K
  class space    used 6004K, capacity 6421K, committed 6528K, reserved 1048576K
}
Event: 62.582 GC heap after
{Heap after GC invocations=18 (full 0):
 garbage-first heap   total 63488K, used 31109K [0x0000000080000000, 0x0000000100000000)
  region size 1024K, 2 young (2048K), 2 survivors (2048K)
 Metaspace       used 47140K, capacity 48364K, committed 48636K, reserved 1091584K
  class space    used 6004K, capacity 6421K, committed 6528K, reserved 1048576K
}
Event: 62.784 GC heap before
{Heap before GC invocations=19 (full 0):
 garbage-first heap   total 63488K, used 32133K [0x0000000080000000, 0x0000000100000000)
  region size 1024K, 4 young (4096K), 2 survivors (2048K)
 Metaspace       used 47150K, capacity 48403K, committed 48636K, reserved 1091584K
  class space    used 6008K, capacity 6455K, committed 6528K, reserved 1048576K
}
Event: 62.790 GC heap after
{Heap after GC invocations=20 (full 0):
 garbage-first heap   total 63488K, used 31552K [0x0000000080000000, 0x0000000100000000)
  region size 1024K, 2 young (2048K), 2 survivors (2048K)
 Metaspace       used 47150K, capacity 48403K, committed 48636K, reserved 1091584K
  class space    used 6008K, capacity 6455K, committed 6528K, reserved 1048576K
}
Event: 64.050 GC heap before
{Heap before GC invocations=21 (full 0):
 garbage-first heap   total 63488K, used 32576K [0x0000000080000000, 0x0000000100000000)
  region size 1024K, 3 young (3072K), 2 survivors (2048K)
 Metaspace       used 47150K, capacity 48403K, committed 48636K, reserved 1091584K
  class space    used 6008K, capacity 6455K, committed 6528K, reserved 1048576K
}
Event: 64.054 GC heap after
{Heap after GC invocations=22 (full 0):
 garbage-first heap   total 63488K, used 33291K [0x0000000080000000, 0x0000000100000000)
  region size 1024K, 2 young (2048K), 2 survivors (2048K)
 Metaspace       used 47150K, capacity 48403K, committed 48636K, reserved 1091584K
  class space    used 6008K, capacity 6455K, committed 6528K, reserved 1048576K
}
Event: 72.330 GC heap before
{Heap before GC invocations=23 (full 0):
 garbage-first heap   total 63488K, used 38411K [0x0000000080000000, 0x0000000100000000)
  region size 1024K, 8 young (8192K), 2 survivors (2048K)
 Metaspace       used 47158K, capacity 48403K, committed 48636K, reserved 1091584K
  class space    used 6008K, capacity 6455K, committed 6528K, reserved 1048576K
}
Event: 72.333 GC heap after
{Heap after GC invocations=24 (full 0):
 garbage-first heap   total 63488K, used 37602K [0x0000000080000000, 0x0000000100000000)
  region size 1024K, 2 young (2048K), 2 survivors (2048K)
 Metaspace       used 47158K, capacity 48403K, committed 48636K, reserved 1091584K
  class space    used 6008K, capacity 6455K, committed 6528K, reserved 1048576K
}
Event: 75.257 GC heap before
{Heap before GC invocations=25 (full 0):
 garbage-first heap   total 63488K, used 48866K [0x0000000080000000, 0x0000000100000000)
  region size 1024K, 11 young (11264K), 2 survivors (2048K)
 Metaspace       used 47740K, capacity 48936K, committed 49148K, reserved 1091584K
  class space    used 6080K, capacity 6496K, committed 6528K, reserved 1048576K
}
Event: 75.266 GC heap after
{Heap after GC invocations=26 (full 0):
 garbage-first heap   total 63488K, used 41295K [0x0000000080000000, 0x0000000100000000)
  region size 1024K, 2 young (2048K), 2 survivors (2048K)
 Metaspace       used 47740K, capacity 48936K, committed 49148K, reserved 1091584K
  class space    used 6080K, capacity 6496K, committed 6528K, reserved 1048576K
}
Event: 76.853 GC heap before
{Heap before GC invocations=26 (full 0):
 garbage-first heap   total 63488K, used 48463K [0x0000000080000000, 0x0000000100000000)
  region size 1024K, 9 young (9216K), 2 survivors (2048K)
 Metaspace       used 48313K, capacity 49633K, committed 49788K, reserved 1093632K
  class space    used 6167K, capacity 6618K, committed 6656K, reserved 1048576K
}
Event: 76.857 GC heap after
{Heap after GC invocations=27 (full 0):
 garbage-first heap   total 63488K, used 41865K [0x0000000080000000, 0x0000000100000000)
  region size 1024K, 1 young (1024K), 1 survivors (1024K)
 Metaspace       used 48313K, capacity 49633K, committed 49788K, reserved 1093632K
  class space    used 6167K, capacity 6618K, committed 6656K, reserved 1048576K
}
Event: 79.159 GC heap before
{Heap before GC invocations=28 (full 0):
 garbage-first heap   total 63488K, used 48009K [0x0000000080000000, 0x0000000100000000)
  region size 1024K, 8 young (8192K), 1 survivors (1024K)
 Metaspace       used 49299K, capacity 50634K, committed 50940K, reserved 1093632K
  class space    used 6288K, capacity 6717K, committed 6784K, reserved 1048576K
}
Event: 79.162 GC heap after
{Heap after GC invocations=29 (full 0):
 garbage-first heap   total 63488K, used 41920K [0x0000000080000000, 0x0000000100000000)
  region size 1024K, 1 young (1024K), 1 survivors (1024K)
 Metaspace       used 49299K, capacity 50634K, committed 50940K, reserved 1093632K
  class space    used 6288K, capacity 6717K, committed 6784K, reserved 1048576K
}

Deoptimization events (20 events):
Event: 75.849 Thread 0x000002e8ed4b0000 Uncommon trap: trap_request=0xffffffc6 fr.pc=0x000002e8dcd66cec relative=0x000000000000020c
Event: 75.849 Thread 0x000002e8ed4b0000 Uncommon trap: reason=bimorphic_or_optimized_type_check action=maybe_recompile pc=0x000002e8dcd66cec method=com.google.common.base.CharMatcher.indexIn(Ljava/lang/CharSequence;I)I @ 31 c2
Event: 75.849 Thread 0x000002e8ed4b0000 DEOPT PACKING pc=0x000002e8dcd66cec sp=0x000000fed53fa090
Event: 75.849 Thread 0x000002e8ed4b0000 DEOPT UNPACKING pc=0x000002e8d51b6ca9 sp=0x000000fed53fa038 mode 2
Event: 75.912 Thread 0x000002e8ed4b0000 Uncommon trap: trap_request=0xffffff4d fr.pc=0x000002e8dcca13d8 relative=0x0000000000000578
Event: 75.912 Thread 0x000002e8ed4b0000 Uncommon trap: reason=unstable_if action=reinterpret pc=0x000002e8dcca13d8 method=java.util.jar.Manifest$FastInputStream.readLine([BII)I @ 130 c2
Event: 75.912 Thread 0x000002e8ed4b0000 DEOPT PACKING pc=0x000002e8dcca13d8 sp=0x000000fed53f7f80
Event: 75.912 Thread 0x000002e8ed4b0000 DEOPT UNPACKING pc=0x000002e8d51b6ca9 sp=0x000000fed53f7f10 mode 2
Event: 78.933 Thread 0x000002e8ed4b0000 Uncommon trap: trap_request=0xffffff4d fr.pc=0x000002e8dcdea8d0 relative=0x0000000000000650
Event: 78.933 Thread 0x000002e8ed4b0000 Uncommon trap: reason=unstable_if action=reinterpret pc=0x000002e8dcdea8d0 method=java.io.BufferedInputStream.read([BII)I @ 56 c2
Event: 78.933 Thread 0x000002e8ed4b0000 DEOPT PACKING pc=0x000002e8dcdea8d0 sp=0x000000fed53f76c0
Event: 78.933 Thread 0x000002e8ed4b0000 DEOPT UNPACKING pc=0x000002e8d51b6ca9 sp=0x000000fed53f7678 mode 2
Event: 78.950 Thread 0x000002e8ed4b0000 Uncommon trap: trap_request=0xffffff4d fr.pc=0x000002e8dcd24774 relative=0x0000000000000054
Event: 78.950 Thread 0x000002e8ed4b0000 Uncommon trap: reason=unstable_if action=reinterpret pc=0x000002e8dcd24774 method=java.util.regex.Pattern.has(I)Z @ 6 c2
Event: 78.950 Thread 0x000002e8ed4b0000 DEOPT PACKING pc=0x000002e8dcd24774 sp=0x000000fed53f66b0
Event: 78.950 Thread 0x000002e8ed4b0000 DEOPT UNPACKING pc=0x000002e8d51b6ca9 sp=0x000000fed53f6640 mode 2
Event: 79.180 Thread 0x000002e8ed4b0000 Uncommon trap: trap_request=0xffffff45 fr.pc=0x000002e8dce22d7c relative=0x0000000000000cbc
Event: 79.180 Thread 0x000002e8ed4b0000 Uncommon trap: reason=unstable_fused_if action=reinterpret pc=0x000002e8dce22d7c method=org.objectweb.asm.ByteVector.putUTF8(Ljava/lang/String;)Lorg/objectweb/asm/ByteVector; @ 93 c2
Event: 79.180 Thread 0x000002e8ed4b0000 DEOPT PACKING pc=0x000002e8dce22d7c sp=0x000000fed53f8160
Event: 79.180 Thread 0x000002e8ed4b0000 DEOPT UNPACKING pc=0x000002e8d51b6ca9 sp=0x000000fed53f80b8 mode 2

Classes redefined (0 events):
No events

Internal exceptions (20 events):
Event: 74.693 Thread 0x000002e8ed4b0000 Exception <a 'java/lang/ClassNotFoundException'{0x0000000083617860}: org/gradle/api/tasks/DeleteCustomizer> (0x0000000083617860) thrown at [./src/hotspot/share/classfile/systemDictionary.cpp, line 231]
Event: 74.694 Thread 0x000002e8ed4b0000 Exception <a 'java/lang/ClassNotFoundException'{0x0000000083656130}: org/gradle/api/tasks/Delete_DecoratedCustomizer> (0x0000000083656130) thrown at [./src/hotspot/share/classfile/systemDictionary.cpp, line 231]
Event: 75.226 Thread 0x000002e8ed4b0000 Exception <a 'java/lang/NoSuchMethodError'{0x0000000083373490}: 'long java.lang.invoke.DirectMethodHandle$Holder.invokeVirtual(java.lang.Object, java.lang.Object)'> (0x0000000083373490) thrown at [./src/hotspot/share/interpreter/linkResolver.cpp, line 773]
Event: 75.249 Thread 0x000002e8edcec000 Exception <a 'java/lang/NoSuchMethodError'{0x00000000833d23e8}: <clinit>> (0x00000000833d23e8) thrown at [./src/hotspot/share/prims/jni.cpp, line 1362]
Event: 75.256 Thread 0x000002e8edcec000 Exception <a 'java/lang/NoSuchMethodError'{0x00000000833f96a8}: <clinit>> (0x00000000833f96a8) thrown at [./src/hotspot/share/prims/jni.cpp, line 1362]
Event: 75.256 Thread 0x000002e8edcec000 Exception <a 'java/lang/NoSuchMethodError'{0x00000000833fac48}: <clinit>> (0x00000000833fac48) thrown at [./src/hotspot/share/prims/jni.cpp, line 1362]
Event: 75.256 Thread 0x000002e8edcec000 Exception <a 'java/lang/NoSuchMethodError'{0x00000000833fc3f0}: <clinit>> (0x00000000833fc3f0) thrown at [./src/hotspot/share/prims/jni.cpp, line 1362]
Event: 75.256 Thread 0x000002e8edcec000 Exception <a 'java/lang/NoSuchMethodError'{0x00000000833fd8b8}: <clinit>> (0x00000000833fd8b8) thrown at [./src/hotspot/share/prims/jni.cpp, line 1362]
Event: 75.267 Thread 0x000002e8edcec000 Exception <a 'java/lang/NoSuchMethodError'{0x0000000083d09c18}: <clinit>> (0x0000000083d09c18) thrown at [./src/hotspot/share/prims/jni.cpp, line 1362]
Event: 75.268 Thread 0x000002e8edcec000 Exception <a 'java/lang/NoSuchMethodError'{0x0000000083d163b8}: <clinit>> (0x0000000083d163b8) thrown at [./src/hotspot/share/prims/jni.cpp, line 1362]
Event: 75.271 Thread 0x000002e8edcec000 Exception <a 'java/lang/NoSuchMethodError'{0x0000000083d2f080}: <clinit>> (0x0000000083d2f080) thrown at [./src/hotspot/share/prims/jni.cpp, line 1362]
Event: 75.772 Thread 0x000002e8ed4b0000 Exception <a 'java/lang/ClassNotFoundException'{0x0000000083dc2828}: build_cx5o7vmrc8cc8ir9daqd4i2jwBeanInfo> (0x0000000083dc2828) thrown at [./src/hotspot/share/classfile/systemDictionary.cpp, line 231]
Event: 75.772 Thread 0x000002e8ed4b0000 Exception <a 'java/lang/ClassNotFoundException'{0x0000000083dcd750}: build_cx5o7vmrc8cc8ir9daqd4i2jwCustomizer> (0x0000000083dcd750) thrown at [./src/hotspot/share/classfile/systemDictionary.cpp, line 231]
Event: 75.780 Thread 0x000002e8ed4b0000 Exception <a 'java/lang/ClassNotFoundException'{0x0000000083c4ec78}: org/gradle/plugin/use/internal/PluginRequestCollector$PluginDependenciesSpecImplBeanInfo> (0x0000000083c4ec78) thrown at [./src/hotspot/share/classfile/systemDictionary.cpp, line 231]
Event: 75.781 Thread 0x000002e8ed4b0000 Exception <a 'java/lang/ClassNotFoundException'{0x0000000083c7cd90}: org/gradle/plugin/use/internal/PluginRequestCollector$PluginDependenciesSpecImplCustomizer> (0x0000000083c7cd90) thrown at [./src/hotspot/share/classfile/systemDictionary.cpp, line 231]
Event: 76.149 Thread 0x000002e8ed4b0000 Exception <a 'java/lang/ClassNotFoundException'{0x0000000083afed00}: org/gradle/api/internal/plugins/DefaultObjectConfigurationActionBeanInfo> (0x0000000083afed00) thrown at [./src/hotspot/share/classfile/systemDictionary.cpp, line 231]
Event: 76.149 Thread 0x000002e8ed4b0000 Exception <a 'java/lang/ClassNotFoundException'{0x00000000839327d8}: org/gradle/api/internal/plugins/DefaultObjectConfigurationActionCustomizer> (0x00000000839327d8) thrown at [./src/hotspot/share/classfile/systemDictionary.cpp, line 231]
Event: 79.163 Thread 0x000002e8ed4b0000 Exception <a 'java/lang/NoSuchMethodError'{0x0000000083d10600}: 'java.lang.Object java.lang.invoke.DirectMethodHandle$Holder.invokeStatic(java.lang.Object, java.lang.Object, java.lang.Object, java.lang.Object, int)'> (0x0000000083d10600) thrown at [./src/hotspot/share/interpreter/linkResolver.cpp, line 773]
Event: 79.163 Thread 0x000002e8ed4b0000 Exception <a 'java/lang/NoSuchMethodError'{0x0000000083d14ff8}: 'java.lang.Object java.lang.invoke.DirectMethodHandle$Holder.invokeSpecial(java.lang.Object, java.lang.Object, java.lang.Object, java.lang.Object, java.lang.Object, int)'> (0x0000000083d14ff8) thrown at [./src/hotspot/share/interpreter/linkResolver.cpp, line 773]
Event: 79.164 Thread 0x000002e8ed4b0000 Exception <a 'java/lang/NoSuchMethodError'{0x0000000083d19638}: 'java.lang.Object java.lang.invoke.Invokers$Holder.linkToTargetMethod(java.lang.Object, java.lang.Object, java.lang.Object, int, java.lang.Object)'> (0x0000000083d19638) thrown at [./src/hotspot/share/interpreter/linkResolver.cpp, line 773]

Events (20 events):
Event: 79.184 loading class org/gradle/internal/instantiation/generator/ManagedObjectFactory
Event: 79.184 loading class org/gradle/internal/instantiation/generator/ManagedObjectFactory done
Event: 79.185 loading class jdk/internal/reflect/UnsafeStaticIntegerFieldAccessorImpl
Event: 79.185 loading class jdk/internal/reflect/UnsafeStaticIntegerFieldAccessorImpl done
Event: 79.185 loading class org/gradle/internal/instantiation/generator/AsmBackedClassGenerator
Event: 79.185 loading class org/gradle/internal/instantiation/generator/AsmBackedClassGenerator done
Event: 79.185 loading class com/android/build/gradle/options/TestRunnerArguments
Event: 79.185 loading class com/android/build/gradle/options/TestRunnerArguments done
Event: 79.186 loading class com/android/build/gradle/options/TestRunnerArguments$Companion
Event: 79.186 loading class com/android/build/gradle/options/TestRunnerArguments$Companion done
Event: 79.186 loading class org/gradle/api/plugins/ExtraPropertiesExtension
Event: 79.186 loading class org/gradle/api/plugins/ExtraPropertiesExtension done
Event: 79.186 loading class kotlin/text/StringsKt
Event: 79.186 loading class kotlin/text/StringsKt done
Event: 79.186 loading class kotlin/text/StringsKt
Event: 79.186 loading class kotlin/text/StringsKt done
Event: 79.207 loading class kotlin/text/StringsKt___StringsKt
Event: 79.207 loading class kotlin/text/StringsKt___StringsKt done
Event: 79.260 loading class kotlin/text/StringsKt___StringsJvmKt
Event: 79.260 loading class kotlin/text/StringsKt___StringsJvmKt done


Dynamic libraries:
0x00007ff6ddf90000 - 0x00007ff6ddf9a000 	C:\Program Files\Android\Android Studio\jre\bin\java.exe
0x00007ffc744f0000 - 0x00007ffc746e5000 	C:\WINDOWS\SYSTEM32\ntdll.dll
0x00007ffc73550000 - 0x00007ffc7360e000 	C:\WINDOWS\System32\KERNEL32.DLL
0x00007ffc71dd0000 - 0x00007ffc72098000 	C:\WINDOWS\System32\KERNELBASE.dll
0x00007ffc72100000 - 0x00007ffc72200000 	C:\WINDOWS\System32\ucrtbase.dll
0x00007ffc65070000 - 0x00007ffc65087000 	C:\Program Files\Android\Android Studio\jre\bin\VCRUNTIME140.dll
0x00007ffc65090000 - 0x00007ffc650a9000 	C:\Program Files\Android\Android Studio\jre\bin\jli.dll
0x00007ffc72540000 - 0x00007ffc726e1000 	C:\WINDOWS\System32\USER32.dll
0x00007ffc59f80000 - 0x00007ffc5a21a000 	C:\WINDOWS\WinSxS\amd64_microsoft.windows.common-controls_6595b64144ccf1df_6.0.19041.1110_none_60b5254171f9507e\COMCTL32.dll
0x00007ffc72230000 - 0x00007ffc72252000 	C:\WINDOWS\System32\win32u.dll
0x00007ffc73330000 - 0x00007ffc733ce000 	C:\WINDOWS\System32\msvcrt.dll
0x00007ffc73db0000 - 0x00007ffc73ddb000 	C:\WINDOWS\System32\GDI32.dll
0x00007ffc71c10000 - 0x00007ffc71d1b000 	C:\WINDOWS\System32\gdi32full.dll
0x00007ffc722f0000 - 0x00007ffc7238d000 	C:\WINDOWS\System32\msvcp_win.dll
0x00007ffc73fc0000 - 0x00007ffc73ff0000 	C:\WINDOWS\System32\IMM32.DLL
0x00007ffc63750000 - 0x00007ffc637ed000 	C:\Program Files\Android\Android Studio\jre\bin\msvcp140.dll
0x00007ffc43ef0000 - 0x00007ffc449bf000 	C:\Program Files\Android\Android Studio\jre\bin\server\jvm.dll
0x00007ffc72dc0000 - 0x00007ffc72e6c000 	C:\WINDOWS\System32\ADVAPI32.dll
0x00007ffc72b70000 - 0x00007ffc72c0b000 	C:\WINDOWS\System32\sechost.dll
0x00007ffc72ee0000 - 0x00007ffc7300a000 	C:\WINDOWS\System32\RPCRT4.dll
0x00007ffc73160000 - 0x00007ffc73168000 	C:\WINDOWS\System32\PSAPI.DLL
0x00007ffc61950000 - 0x00007ffc61959000 	C:\WINDOWS\SYSTEM32\WSOCK32.dll
0x00007ffc64970000 - 0x00007ffc64997000 	C:\WINDOWS\SYSTEM32\WINMM.dll
0x00007ffc72e70000 - 0x00007ffc72edb000 	C:\WINDOWS\System32\WS2_32.dll
0x00007ffc60c70000 - 0x00007ffc60c7a000 	C:\WINDOWS\SYSTEM32\VERSION.dll
0x00007ffc6fb30000 - 0x00007ffc6fb42000 	C:\WINDOWS\SYSTEM32\kernel.appcore.dll
0x00007ffc6d720000 - 0x00007ffc6d731000 	C:\Program Files\Android\Android Studio\jre\bin\verify.dll
0x00007ffc60380000 - 0x00007ffc60564000 	C:\WINDOWS\SYSTEM32\DBGHELP.DLL
0x00007ffc60350000 - 0x00007ffc6037c000 	C:\WINDOWS\SYSTEM32\dbgcore.DLL
0x00007ffc72260000 - 0x00007ffc722e3000 	C:\WINDOWS\System32\bcryptPrimitives.dll
0x00007ffc6c9d0000 - 0x00007ffc6c9f9000 	C:\Program Files\Android\Android Studio\jre\bin\java.dll
0x00007ffc6d710000 - 0x00007ffc6d71b000 	C:\Program Files\Android\Android Studio\jre\bin\jimage.dll
0x00007ffc6cfb0000 - 0x00007ffc6cfc8000 	C:\Program Files\Android\Android Studio\jre\bin\zip.dll
0x00007ffc73610000 - 0x00007ffc73d4f000 	C:\WINDOWS\System32\SHELL32.dll
0x00007ffc6fd30000 - 0x00007ffc704c0000 	C:\WINDOWS\SYSTEM32\windows.storage.dll
0x00007ffc740a0000 - 0x00007ffc743f5000 	C:\WINDOWS\System32\combase.dll
0x00007ffc71660000 - 0x00007ffc7168e000 	C:\WINDOWS\SYSTEM32\Wldp.dll
0x00007ffc73de0000 - 0x00007ffc73e8d000 	C:\WINDOWS\System32\SHCORE.dll
0x00007ffc73e90000 - 0x00007ffc73ee5000 	C:\WINDOWS\System32\shlwapi.dll
0x00007ffc71b50000 - 0x00007ffc71b6f000 	C:\WINDOWS\SYSTEM32\profapi.dll
0x00007ffc6cee0000 - 0x00007ffc6cefa000 	C:\Program Files\Android\Android Studio\jre\bin\net.dll
0x00007ffc69460000 - 0x00007ffc6956c000 	C:\WINDOWS\SYSTEM32\WINHTTP.dll
0x00007ffc71350000 - 0x00007ffc713ba000 	C:\WINDOWS\system32\mswsock.dll
0x00007ffc6cb00000 - 0x00007ffc6cb14000 	C:\Program Files\Android\Android Studio\jre\bin\nio.dll
0x00007ffc69700000 - 0x00007ffc69727000 	C:\Users\welcome\.gradle\native\8bec1ad78214c89d9ad589b4d07fe93259594b29d510b10fafb7a158f7737e5d\windows-amd64\native-platform.dll
0x00007ffc627f0000 - 0x00007ffc6292d000 	C:\Users\welcome\.gradle\native\53dbd7edfb1c66fb8903c78663c9afc45aea4f116125fa6feffd364cf09443e8\windows-amd64\native-platform-file-events.dll
0x00007ffc6ceb0000 - 0x00007ffc6ceba000 	C:\Program Files\Android\Android Studio\jre\bin\management.dll
0x00007ffc6cc10000 - 0x00007ffc6cc1c000 	C:\Program Files\Android\Android Studio\jre\bin\management_ext.dll
0x00007ffc71560000 - 0x00007ffc71578000 	C:\WINDOWS\SYSTEM32\CRYPTSP.dll
0x00007ffc70cd0000 - 0x00007ffc70d04000 	C:\WINDOWS\system32\rsaenh.dll
0x00007ffc72200000 - 0x00007ffc72227000 	C:\WINDOWS\System32\bcrypt.dll
0x00007ffc71ad0000 - 0x00007ffc71afe000 	C:\WINDOWS\SYSTEM32\USERENV.dll
0x00007ffc71580000 - 0x00007ffc7158c000 	C:\WINDOWS\SYSTEM32\CRYPTBASE.dll
0x00007ffc71040000 - 0x00007ffc7107b000 	C:\WINDOWS\SYSTEM32\IPHLPAPI.DLL
0x00007ffc73150000 - 0x00007ffc73158000 	C:\WINDOWS\System32\NSI.dll
0x00007ffc66e40000 - 0x00007ffc66e57000 	C:\WINDOWS\SYSTEM32\dhcpcsvc6.DLL
0x00007ffc66e20000 - 0x00007ffc66e3d000 	C:\WINDOWS\SYSTEM32\dhcpcsvc.DLL
0x00007ffc71080000 - 0x00007ffc7114b000 	C:\WINDOWS\SYSTEM32\DNSAPI.dll

dbghelp: loaded successfully - version: 4.0.5 - missing functions: none
symbol engine: initialized successfully - sym options: 0x614 - pdb path: .;C:\Program Files\Android\Android Studio\jre\bin;C:\WINDOWS\SYSTEM32;C:\WINDOWS\WinSxS\amd64_microsoft.windows.common-controls_6595b64144ccf1df_6.0.19041.1110_none_60b5254171f9507e;C:\Program Files\Android\Android Studio\jre\bin\server;C:\Users\welcome\.gradle\native\8bec1ad78214c89d9ad589b4d07fe93259594b29d510b10fafb7a158f7737e5d\windows-amd64;C:\Users\welcome\.gradle\native\53dbd7edfb1c66fb8903c78663c9afc45aea4f116125fa6feffd364cf09443e8\windows-amd64

VM Arguments:
jvm_args: --add-opens=java.base/java.util=ALL-UNNAMED --add-opens=java.base/java.lang=ALL-UNNAMED --add-opens=java.base/java.lang.invoke=ALL-UNNAMED --add-opens=java.base/java.util=ALL-UNNAMED --add-opens=java.prefs/java.util.prefs=ALL-UNNAMED --add-opens=java.prefs/java.util.prefs=ALL-UNNAMED --add-opens=java.base/java.nio.charset=ALL-UNNAMED --add-opens=java.base/java.net=ALL-UNNAMED --add-opens=java.base/java.util.concurrent.atomic=ALL-UNNAMED -Xmx2048m -Dfile.encoding=UTF-8 -Duser.country=US -Duser.language=en -Duser.variant 
java_command: org.gradle.launcher.daemon.bootstrap.GradleDaemon 7.0.2
java_class_path (initial): C:\Users\welcome\.gradle\wrapper\dists\gradle-7.0.2-bin\857tjihv64xamwrf0h14cai3r\gradle-7.0.2\lib\gradle-launcher-7.0.2.jar
Launcher Type: SUN_STANDARD

[Global flags]
     intx CICompilerCount                          = 2                                         {product} {ergonomic}
     uint ConcGCThreads                            = 1                                         {product} {ergonomic}
     uint G1ConcRefinementThreads                  = 2                                         {product} {ergonomic}
   size_t G1HeapRegionSize                         = 1048576                                   {product} {ergonomic}
    uintx GCDrainStackTargetSize                   = 64                                        {product} {ergonomic}
   size_t InitialHeapSize                          = 65011712                                  {product} {ergonomic}
   size_t MarkStackSize                            = 4194304                                   {product} {ergonomic}
   size_t MaxHeapSize                              = 2147483648                                {product} {command line}
   size_t MaxNewSize                               = 1287651328                                {product} {ergonomic}
   size_t MinHeapDeltaBytes                        = 1048576                                   {product} {ergonomic}
    uintx NonNMethodCodeHeapSize                   = 5825164                                {pd product} {ergonomic}
    uintx NonProfiledCodeHeapSize                  = 122916538                              {pd product} {ergonomic}
    uintx ProfiledCodeHeapSize                     = 122916538                              {pd product} {ergonomic}
    uintx ReservedCodeCacheSize                    = 251658240                              {pd product} {ergonomic}
     bool SegmentedCodeCache                       = true                                      {product} {ergonomic}
     bool UseCompressedClassPointers               = true                                 {lp64_product} {ergonomic}
     bool UseCompressedOops                        = true                                 {lp64_product} {ergonomic}
     bool UseG1GC                                  = true                                      {product} {ergonomic}
     bool UseLargePagesIndividualAllocation        = false                                  {pd product} {ergonomic}

Logging:
Log output configuration:
 #0: stdout all=warning uptime,level,tags
 #1: stderr all=off uptime,level,tags

Environment Variables:
PATH=C:\Program Files\Common Files\Oracle\Java\javapath;C:\WINDOWS\system32;C:\WINDOWS;C:\WINDOWS\System32\Wbem;C:\WINDOWS\System32\WindowsPowerShell\v1.0\;C:\Go\bin;C:\Users\welcome\Downloads\php-7.4.9-nts-Win32-vc15-x64;C:\WINDOWS\System32\OpenSSH\;C:\Program Files\Git\cmd;C:\Program Files (x86)\mingw-w64\i686-8.1.0-posix-dwarf-rt_v6-rev0\mingw32\bin;C:\MinGW\bin;C:\MinGW\mingw32\bin;C:\Users\welcome\AppData\Local\Programs\Python\Python39\Scripts\;C:\Users\welcome\AppData\Local\Programs\Python\Python39\;C:\Users\welcome\go\bin;C:\Users\welcome\AppData\Local\Microsoft\WindowsApps;C:\MinGW\bin;E:\jdk-17\bin;C:\Users\welcome\AppData\Local\Programs\Microsoft VS Code\bin;C:\Program Files\JetBrains\IntelliJ IDEA Community Edition 2021.2.2\bin;
USERNAME=welcome
OS=Windows_NT
PROCESSOR_IDENTIFIER=Intel64 Family 6 Model 60 Stepping 3, GenuineIntel



---------------  S Y S T E M  ---------------

OS: Windows 10 , 64 bit Build 19041 (10.0.19041.1320)
OS uptime: 8 days 10:48 hours

CPU:total 2 (initial active 2) (2 cores per cpu, 1 threads per core) family 6 model 60 stepping 3 microcode 0x27, cmov, cx8, fxsr, mmx, sse, sse2, sse3, ssse3, sse4.1, sse4.2, popcnt, clmul, erms, lzcnt, tsc, tscinvbit

Memory: 4k page, system-wide physical 3967M (248M free)
TotalPageFile size 7358M (AvailPageFile size 7M)
current process WorkingSet (physical memory assigned to process): 186M, peak: 209M
current process commit charge ("private bytes"): 236M, peak: 236M

vm_info: OpenJDK 64-Bit Server VM (11.0.10+0-b96-7249189) for windows-amd64 JRE (11.0.10+0-b96-7249189), built on Mar 31 2021 21:44:00 by "builder" with MS VC++ 14.0 (VS2015)

END.
